[0.067s] [34mcolcon[0m [1;30mDEBUG[0m [32mCommand line arguments: ['/usr/bin/colcon', 'build', '--merge-install', '--cmake-args', '-DCMAKE_BUILD_TYPE=RelWithDebInfo', '-DCMAKE_MACOSX_RPATH=FALSE', '-DCMAKE_INSTALL_NAME_DIR=/home/zenith/gz_ws/src/asv_wave_sim/gz-waves/install/lib', '-DBUILD_TESTING=ON', '--packages-select', 'gz-waves1'][0m
[0.067s] [34mcolcon[0m [1;30mDEBUG[0m [32mParsed command line arguments: Namespace(log_base=None, log_level=None, verb_name='build', build_base='build', install_base='install', merge_install=True, symlink_install=False, test_result_base=None, continue_on_error=False, executor='parallel', parallel_workers=16, event_handlers=None, ignore_user_meta=False, metas=['./colcon.meta'], base_paths=['.'], packages_ignore=None, packages_ignore_regex=None, paths=None, packages_up_to=None, packages_up_to_regex=None, packages_above=None, packages_above_and_dependencies=None, packages_above_depth=None, packages_select_by_dep=None, packages_skip_by_dep=None, packages_skip_up_to=None, packages_select_build_failed=False, packages_skip_build_finished=False, packages_select_test_failures=False, packages_skip_test_passed=False, packages_select=['gz-waves1'], packages_skip=None, packages_select_regex=None, packages_skip_regex=None, packages_start=None, packages_end=None, allow_overriding=[], cmake_args=['-DCMAKE_BUILD_TYPE=RelWithDebInfo', '-DCMAKE_MACOSX_RPATH=FALSE', '-DCMAKE_INSTALL_NAME_DIR=/home/zenith/gz_ws/src/asv_wave_sim/gz-waves/install/lib', '-DBUILD_TESTING=ON'], cmake_target=None, cmake_target_skip_unavailable=False, cmake_clean_cache=False, cmake_clean_first=False, cmake_force_configure=False, ament_cmake_args=None, catkin_cmake_args=None, catkin_skip_building_tests=False, verb_parser=<colcon_defaults.argument_parser.defaults.DefaultArgumentsDecorator object at 0x7bd317b01090>, verb_extension=<colcon_core.verb.build.BuildVerb object at 0x7bd317c42b60>, main=<bound method BuildVerb.main of <colcon_core.verb.build.BuildVerb object at 0x7bd317c42b60>>)[0m
[0.088s] [34mcolcon.colcon_core.package_discovery[0m [1;30mLevel 1[0m discover_packages(colcon_meta) check parameters
[0.088s] [34mcolcon.colcon_core.package_discovery[0m [1;30mLevel 1[0m discover_packages(recursive) check parameters
[0.088s] [34mcolcon.colcon_core.package_discovery[0m [1;30mLevel 1[0m discover_packages(ignore) check parameters
[0.088s] [34mcolcon.colcon_core.package_discovery[0m [1;30mLevel 1[0m discover_packages(path) check parameters
[0.088s] [34mcolcon.colcon_core.package_discovery[0m [1;30mLevel 1[0m discover_packages(colcon_meta) discover
[0.088s] [34mcolcon.colcon_core.package_discovery[0m [1;30mLevel 1[0m discover_packages(recursive) discover
[0.088s] [34mcolcon.colcon_core.package_discovery[0m [1;30mINFO[0m Crawling recursively for packages in '/home/zenith/gz_ws/src/asv_wave_sim/gz-waves'
[0.088s] [34mcolcon.colcon_core.package_identification[0m [1;30mLevel 1[0m _identify(.) by extensions ['ignore', 'ignore_ament_install']
[0.088s] [34mcolcon.colcon_core.package_identification[0m [1;30mLevel 1[0m _identify(.) by extension 'ignore'
[0.088s] [34mcolcon.colcon_core.package_identification[0m [1;30mLevel 1[0m _identify(.) by extension 'ignore_ament_install'
[0.088s] [34mcolcon.colcon_core.package_identification[0m [1;30mLevel 1[0m _identify(.) by extensions ['colcon_pkg']
[0.088s] [34mcolcon.colcon_core.package_identification[0m [1;30mLevel 1[0m _identify(.) by extension 'colcon_pkg'
[0.088s] [34mcolcon.colcon_core.package_identification[0m [1;30mLevel 1[0m _identify(.) by extensions ['colcon_meta']
[0.088s] [34mcolcon.colcon_core.package_identification[0m [1;30mLevel 1[0m _identify(.) by extension 'colcon_meta'
[0.088s] [34mcolcon.colcon_core.package_identification[0m [1;30mLevel 1[0m _identify(.) by extensions ['ros']
[0.088s] [34mcolcon.colcon_core.package_identification[0m [1;30mLevel 1[0m _identify(.) by extension 'ros'
[0.097s] [34mcolcon.colcon_core.package_identification[0m [1;30mLevel 1[0m _identify(.) by extensions ['cmake', 'python']
[0.097s] [34mcolcon.colcon_core.package_identification[0m [1;30mLevel 1[0m _identify(.) by extension 'cmake'
[0.101s] [34mcolcon.colcon_core.package_identification[0m [1;30mLevel 1[0m _identify(.) by extension 'python'
[0.101s] [34mcolcon.colcon_core.package_identification[0m [1;30mDEBUG[0m [32mPackage '.' with type 'cmake' and name 'gz-waves1'[0m
[0.101s] [34mcolcon.colcon_core.package_discovery[0m [1;30mLevel 1[0m discover_packages(recursive) using defaults
[0.101s] [34mcolcon.colcon_core.package_discovery[0m [1;30mLevel 1[0m discover_packages(ignore) discover
[0.101s] [34mcolcon.colcon_core.package_discovery[0m [1;30mLevel 1[0m discover_packages(ignore) using defaults
[0.101s] [34mcolcon.colcon_core.package_discovery[0m [1;30mLevel 1[0m discover_packages(path) discover
[0.101s] [34mcolcon.colcon_core.package_discovery[0m [1;30mLevel 1[0m discover_packages(path) using defaults
[0.111s] [34mcolcon.colcon_core.package_discovery[0m [1;30mLevel 1[0m discover_packages(prefix_path) check parameters
[0.111s] [34mcolcon.colcon_core.package_discovery[0m [1;30mLevel 1[0m discover_packages(prefix_path) discover
[0.113s] [34mcolcon.colcon_installed_package_information.package_discovery[0m [1;30mDEBUG[0m [32mFound 271 installed packages in /opt/ros/humble[0m
[0.113s] [34mcolcon.colcon_core.package_discovery[0m [1;30mLevel 1[0m discover_packages(prefix_path) using defaults
[0.131s] [34mcolcon.colcon_core.verb[0m [1;30mLevel 5[0m set package 'gz-waves1' build argument 'cmake_args' from command line to '['-DCMAKE_BUILD_TYPE=RelWithDebInfo', '-DCMAKE_MACOSX_RPATH=FALSE', '-DCMAKE_INSTALL_NAME_DIR=/home/zenith/gz_ws/src/asv_wave_sim/gz-waves/install/lib', '-DBUILD_TESTING=ON']'
[0.131s] [34mcolcon.colcon_core.verb[0m [1;30mLevel 5[0m set package 'gz-waves1' build argument 'cmake_target' from command line to 'None'
[0.131s] [34mcolcon.colcon_core.verb[0m [1;30mLevel 5[0m set package 'gz-waves1' build argument 'cmake_target_skip_unavailable' from command line to 'False'
[0.131s] [34mcolcon.colcon_core.verb[0m [1;30mLevel 5[0m set package 'gz-waves1' build argument 'cmake_clean_cache' from command line to 'False'
[0.131s] [34mcolcon.colcon_core.verb[0m [1;30mLevel 5[0m set package 'gz-waves1' build argument 'cmake_clean_first' from command line to 'False'
[0.131s] [34mcolcon.colcon_core.verb[0m [1;30mLevel 5[0m set package 'gz-waves1' build argument 'cmake_force_configure' from command line to 'False'
[0.131s] [34mcolcon.colcon_core.verb[0m [1;30mLevel 5[0m set package 'gz-waves1' build argument 'ament_cmake_args' from command line to 'None'
[0.131s] [34mcolcon.colcon_core.verb[0m [1;30mLevel 5[0m set package 'gz-waves1' build argument 'catkin_cmake_args' from command line to 'None'
[0.131s] [34mcolcon.colcon_core.verb[0m [1;30mLevel 5[0m set package 'gz-waves1' build argument 'catkin_skip_building_tests' from command line to 'False'
[0.131s] [34mcolcon.colcon_core.verb[0m [1;30mDEBUG[0m [32mBuilding package 'gz-waves1' with the following arguments: {'ament_cmake_args': None, 'build_base': '/home/zenith/gz_ws/src/asv_wave_sim/gz-waves/build/gz-waves1', 'catkin_cmake_args': None, 'catkin_skip_building_tests': False, 'cmake_args': ['-DCMAKE_BUILD_TYPE=RelWithDebInfo', '-DCMAKE_MACOSX_RPATH=FALSE', '-DCMAKE_INSTALL_NAME_DIR=/home/zenith/gz_ws/src/asv_wave_sim/gz-waves/install/lib', '-DBUILD_TESTING=ON'], 'cmake_clean_cache': False, 'cmake_clean_first': False, 'cmake_force_configure': False, 'cmake_target': None, 'cmake_target_skip_unavailable': False, 'install_base': '/home/zenith/gz_ws/src/asv_wave_sim/gz-waves/install', 'merge_install': True, 'path': '/home/zenith/gz_ws/src/asv_wave_sim/gz-waves', 'symlink_install': False, 'test_result_base': None}[0m
[0.131s] [34mcolcon.colcon_core.executor[0m [1;30mINFO[0m Executing jobs using 'parallel' executor
[0.132s] [34mcolcon.colcon_parallel_executor.executor.parallel[0m [1;30mDEBUG[0m [32mrun_until_complete[0m
[0.132s] [34mcolcon.colcon_cmake.task.cmake.build[0m [1;30mINFO[0m Building CMake package in '/home/zenith/gz_ws/src/asv_wave_sim/gz-waves'
[0.134s] [34mcolcon.colcon_core.plugin_system[0m [1;30mINFO[0m Skipping extension 'colcon_core.shell.bat': Not used on non-Windows systems
[0.134s] [34mcolcon.colcon_core.shell[0m [1;30mINFO[0m Skip shell extension 'powershell' for command environment: Not usable outside of PowerShell
[0.134s] [34mcolcon.colcon_core.shell[0m [1;30mDEBUG[0m [32mSkip shell extension 'dsv' for command environment[0m
[0.138s] [34mcolcon.colcon_core.event_handler.log_command[0m [1;30mDEBUG[0m [32mInvoking command in '/home/zenith/gz_ws/src/asv_wave_sim/gz-waves/build/gz-waves1': /usr/bin/cmake /home/zenith/gz_ws/src/asv_wave_sim/gz-waves -DCMAKE_BUILD_TYPE=RelWithDebInfo -DCMAKE_MACOSX_RPATH=FALSE -DCMAKE_INSTALL_NAME_DIR=/home/zenith/gz_ws/src/asv_wave_sim/gz-waves/install/lib -DBUILD_TESTING=ON -DCMAKE_INSTALL_PREFIX=/home/zenith/gz_ws/src/asv_wave_sim/gz-waves/install[0m
[6.707s] [34mcolcon.colcon_core.event_handler.log_command[0m [1;30mDEBUG[0m [32mInvoked command in '/home/zenith/gz_ws/src/asv_wave_sim/gz-waves/build/gz-waves1' returned '0': /usr/bin/cmake /home/zenith/gz_ws/src/asv_wave_sim/gz-waves -DCMAKE_BUILD_TYPE=RelWithDebInfo -DCMAKE_MACOSX_RPATH=FALSE -DCMAKE_INSTALL_NAME_DIR=/home/zenith/gz_ws/src/asv_wave_sim/gz-waves/install/lib -DBUILD_TESTING=ON -DCMAKE_INSTALL_PREFIX=/home/zenith/gz_ws/src/asv_wave_sim/gz-waves/install[0m
[6.708s] [34mcolcon.colcon_core.event_handler.log_command[0m [1;30mDEBUG[0m [32mInvoking command in '/home/zenith/gz_ws/src/asv_wave_sim/gz-waves/build/gz-waves1': /usr/bin/cmake --build /home/zenith/gz_ws/src/asv_wave_sim/gz-waves/build/gz-waves1 -- -j16 -l16[0m
