[0.006s] Invoking command in '/home/zenith/gz_ws/src/asv_wave_sim/gz-waves/build/gz-waves1': /usr/bin/cmake /home/zenith/gz_ws/src/asv_wave_sim/gz-waves -DCMAKE_BUILD_TYPE=RelWithDebInfo -DCMAKE_MACOSX_RPATH=FALSE -DCMAKE_INSTALL_NAME_DIR=/home/zenith/gz_ws/src/asv_wave_sim/gz-waves/install/lib -DBUILD_TESTING=ON -DCMAKE_INSTALL_PREFIX=/home/zenith/gz_ws/src/asv_wave_sim/gz-waves/install
[0.046s] -- The C compiler identification is GNU 11.4.0
[0.081s] -- The CXX compiler identification is GNU 11.4.0
[0.085s] -- Detecting C compiler ABI info
[0.131s] -- Detecting C compiler ABI info - done
[0.136s] -- Check for working C compiler: /usr/bin/cc - skipped
[0.136s] -- Detecting C compile features
[0.136s] -- Detecting C compile features - done
[0.138s] -- Detecting CXX compiler ABI info
[0.194s] -- Detecting CXX compiler ABI info - done
[0.201s] -- Check for working CXX compiler: /usr/bin/c++ - skipped
[0.201s] -- Detecting CXX compile features
[0.202s] -- Detecting CXX compile features - done
[0.208s] -- gz-waves1 version 1.0.0
[0.208s] -- Operating system is Linux
[0.217s] -- Found CPack generators: DEB
[3.545s] -- Found Boost: /usr/lib/x86_64-linux-gnu/cmake/Boost-1.74.0/BoostConfig.cmake (found version "1.74.0") found components: iostreams system filesystem 
[3.548s] -- Looking for gz-math7 -- found version 7.5.1
[3.548s] -- Searching for dependencies of gz-math7
[3.549s] -- Looking for gz-utils2 -- found version 2.2.1
[3.550s] -- Searching for dependencies of gz-utils2
[3.550s] -- Searching for <gz-math7> component [eigen3]
[3.551s] -- Looking for gz-math7-eigen3 -- found version 7.5.1
[3.551s] -- Searching for dependencies of gz-math7-eigen3
[3.555s] -- Looking for gz-math7 - found
[3.555s] 
[3.557s] -- Looking for gz-plugin2 -- found version 2.0.4
[3.557s] -- Searching for dependencies of gz-plugin2
[3.557s] -- Looking for gz-utils2 -- found version 2.2.1
[3.557s] -- Searching for dependencies of gz-utils2
[3.557s] -- Searching for <gz-utils2> component [cli]
[3.558s] -- Looking for gz-utils2-cli -- found version 2.2.1
[3.558s] -- Searching for dependencies of gz-utils2-cli
[3.559s] -- Searching for <gz-plugin2> component [loader]
[3.560s] -- Looking for gz-plugin2-loader -- found version 2.0.4
[3.560s] -- Searching for dependencies of gz-plugin2-loader
[3.560s] -- Searching for <gz-plugin2> component [register]
[3.561s] -- Looking for gz-plugin2-register -- found version 2.0.4
[3.561s] -- Searching for dependencies of gz-plugin2-register
[3.562s] -- Looking for gz-plugin2 - found
[3.562s] 
[3.563s] -- Looking for gz-common5 -- found version 5.7.1
[3.563s] -- Searching for dependencies of gz-common5
[3.563s] -- Looking for gz-utils2 -- found version 2.2.1
[3.563s] -- Looking for dlfcn.h - found
[3.568s] -- Looking for libdl - found
[3.569s] -- Found DL: TRUE  
[3.573s] -- Checking for module 'uuid'
[3.580s] --   Found uuid, version 2.37.2
[3.606s] -- Found UUID: TRUE  
[3.606s] -- Searching for <gz-common5> component [graphics]
[3.607s] -- Looking for gz-common5-graphics -- found version 5.7.1
[3.607s] -- Searching for dependencies of gz-common5-graphics
[3.608s] -- Looking for gz-math7 -- found version 7.5.1
[3.610s] -- Found GzAssimp: TRUE (found version "5.2.0") 
[3.610s] -- Searching for <gz-common5> component [events]
[3.611s] -- Looking for gz-common5-events -- found version 5.7.1
[3.612s] -- Searching for dependencies of gz-common5-events
[3.612s] -- Looking for gz-math7 -- found version 7.5.1
[3.612s] -- Looking for gz-common5 - found
[3.612s] 
[3.613s] -- Looking for gz-msgs9 -- found version 9.5.1
[3.614s] -- Searching for dependencies of gz-msgs9
[3.744s] -- Found Protobuf: /usr/lib/x86_64-linux-gnu/libprotobuf.so (found version "3.12.4") 
[3.744s] -- Looking for gz-math7 -- found version 7.5.1
[3.750s] -- Checking for module 'tinyxml2'
[3.763s] --   Found tinyxml2, version 9.0.0
[3.797s] -- Looking for gz-msgs9 - found
[3.797s] 
[3.800s] -- Looking for gz-transport12 -- found version 12.2.2
[3.800s] -- Searching for dependencies of gz-transport12
[3.824s] -- Config-file not installed for ZeroMQ -- checking for pkg-config
[3.827s] -- Checking for module 'libzmq >= 4'
[3.836s] --   Found libzmq , version 4.3.4
[3.877s] -- Found ZeroMQ: TRUE (Required is at least version "4") 
[3.885s] -- Looking for gz-utils2 -- found version 2.2.1
[3.885s] -- Looking for gz-msgs9 -- found version 9.5.1
[3.886s] -- Looking for gz-transport12 - found
[3.886s] 
[3.889s] -- Looking for gz-rendering7 -- found version 7.5.0
[3.889s] -- Searching for dependencies of gz-rendering7
[3.889s] -- Looking for gz-math7 -- found version 7.5.1
[3.890s] -- Looking for gz-common5 -- found version 5.7.1
[3.891s] -- Searching for dependencies of gz-common5
[3.891s] -- Looking for gz-utils2 -- found version 2.2.1
[3.891s] -- Looking for dlfcn.h - found
[3.891s] -- Looking for libdl - found
[3.902s] -- Searching for <gz-common5> component [graphics]
[3.902s] -- Searching for <gz-common5> component [events]
[3.903s] -- Searching for <gz-common5> component [geospatial]
[3.905s] -- Looking for gz-common5-geospatial -- found version 5.7.1
[3.906s] -- Searching for dependencies of gz-common5-geospatial
[3.906s] -- Looking for gz-math7 -- found version 7.5.1
[3.907s] -- Looking for gz-common5 -- found version 5.7.1
[3.908s] -- Looking for gz-plugin2 -- found version 2.0.4
[3.908s] -- Searching for dependencies of gz-plugin2
[3.908s] -- Looking for gz-utils2 -- found version 2.2.1
[3.908s] -- Searching for <gz-plugin2> component [all]
[3.910s] -- Looking for all libraries of gz-plugin2 -- found version 2.0.4
[3.910s] -- Looking for gz-plugin2 -- found version 2.0.4
[3.911s] -- Looking for gz-utils2 -- found version 2.2.1
[3.914s] -- Found OpenGL: /usr/lib/x86_64-linux-gnu/libOpenGL.so  found components: OpenGL 
[3.914s] -- Looking for gz-rendering7 - found
[3.914s] 
[3.915s] -- Looking for gz-sim7 -- found version 7.9.0
[3.915s] -- Searching for dependencies of gz-sim7
[3.916s] -- Looking for sdformat13 -- found version 13.9.0
[3.916s] -- Searching for dependencies of sdformat13
[3.921s] -- Looking for gz-math7 -- found version 7.5.1
[3.921s] -- Looking for gz-utils2 -- found version 2.2.1
[3.921s] -- Looking for gz-plugin2 -- found version 2.0.4
[3.921s] -- Looking for gz-transport12 -- found version 12.2.2
[3.922s] -- Searching for dependencies of gz-transport12
[3.941s] -- Config-file not installed for ZeroMQ -- checking for pkg-config
[3.945s] -- Checking for module 'libzmq >= 4'
[3.954s] --   Found libzmq , version 4.3.4
[3.997s] -- Looking for gz-utils2 -- found version 2.2.1
[3.997s] -- Looking for gz-msgs9 -- found version 9.5.1
[3.997s] -- Searching for <gz-transport12> component [log]
[3.999s] -- Looking for gz-transport12-log -- found version 12.2.2
[4.000s] -- Searching for dependencies of gz-transport12-log
[4.000s] -- Searching for <gz-transport12> component [parameters]
[4.002s] -- Looking for gz-transport12-parameters -- found version 12.2.2
[4.002s] -- Searching for dependencies of gz-transport12-parameters
[4.004s] -- Looking for gz-msgs9 -- found version 9.5.1
[4.004s] -- Looking for gz-common5 -- found version 5.7.1
[4.005s] -- Searching for dependencies of gz-common5
[4.005s] -- Looking for gz-utils2 -- found version 2.2.1
[4.005s] -- Looking for dlfcn.h - found
[4.006s] -- Looking for libdl - found
[4.014s] -- Searching for <gz-common5> component [profiler]
[4.016s] -- Looking for gz-common5-profiler -- found version 5.7.1
[4.016s] -- Searching for dependencies of gz-common5-profiler
[4.017s] -- Searching for <gz-common5> component [events]
[4.017s] -- Searching for <gz-common5> component [av]
[4.018s] -- Looking for gz-common5-av -- found version 5.7.1
[4.019s] -- Searching for dependencies of gz-common5-av
[4.023s] -- Checking for module 'libswscale'
[4.036s] --   Found libswscale, version 5.9.100
[4.084s] -- Found SWSCALE: TRUE  
[4.092s] -- Checking for module 'libavdevice >= 56.4.100'
[4.108s] --   Found libavdevice , version 58.13.100
[4.159s] -- Found AVDEVICE: TRUE (Required is at least version "56.4.100") 
[4.168s] -- Checking for module 'libavformat'
[4.184s] --   Found libavformat, version 58.76.100
[4.231s] -- Found AVFORMAT: TRUE  
[4.239s] -- Checking for module 'libavcodec'
[4.256s] --   Found libavcodec, version 58.134.100
[4.300s] -- Found AVCODEC: TRUE  
[4.307s] -- Checking for module 'libavutil'
[4.324s] --   Found libavutil, version 56.70.100
[4.370s] -- Found AVUTIL: TRUE  
[4.371s] -- Searching for <gz-common5> component [io]
[4.372s] -- Looking for gz-common5-io -- found version 5.7.1
[4.372s] -- Searching for dependencies of gz-common5-io
[4.374s] -- Looking for gz-fuel_tools8 -- found version 8.2.0
[4.374s] -- Searching for dependencies of gz-fuel_tools8
[4.458s] -- Found CURL: /usr/lib/x86_64-linux-gnu/libcurl.so (found version "7.81.0")  
[4.463s] -- Checking for module 'jsoncpp'
[4.472s] --   Found jsoncpp, version 1.9.5
[4.493s] -- Found JSONCPP: TRUE  
[4.497s] -- Checking for module 'libzip'
[4.505s] --   Found libzip, version 1.7.3
[4.529s] -- Found ZIP: TRUE  
[4.530s] -- Looking for gz-utils2 -- found version 2.2.1
[4.530s] -- Looking for gz-common5 -- found version 5.7.1
[4.530s] -- Searching for dependencies of gz-common5
[4.531s] -- Looking for gz-utils2 -- found version 2.2.1
[4.531s] -- Looking for dlfcn.h - found
[4.531s] -- Looking for libdl - found
[4.538s] -- Searching for <gz-common5> component [testing]
[4.539s] -- Looking for gz-common5-testing -- found version 5.7.1
[4.539s] -- Searching for dependencies of gz-common5-testing
[4.539s] -- Looking for gz-math7 -- found version 7.5.1
[4.540s] -- Looking for gz-msgs9 -- found version 9.5.1
[4.541s] -- Looking for gz-gui7 -- found version 7.2.2
[4.541s] -- Searching for dependencies of gz-gui7
[4.557s] -- Looking for gz-utils2 -- found version 2.2.1
[4.557s] -- Looking for gz-math7 -- found version 7.5.1
[4.558s] -- Looking for gz-common5 -- found version 5.7.1
[4.558s] -- Looking for gz-plugin2 -- found version 2.0.4
[4.558s] -- Looking for gz-transport12 -- found version 12.2.2
[4.558s] -- Looking for gz-rendering7 -- found version 7.5.0
[4.559s] -- Looking for gz-msgs9 -- found version 9.5.1
[4.571s] -- Looking for gz-physics6 -- found version 6.7.0
[4.572s] -- Searching for dependencies of gz-physics6
[4.572s] -- Looking for gz-common5 -- found version 5.7.1
[4.572s] -- Looking for gz-math7 -- found version 7.5.1
[4.573s] -- Looking for gz-plugin2 -- found version 2.0.4
[4.573s] -- Looking for gz-utils2 -- found version 2.2.1
[4.574s] -- Searching for <gz-physics6> component [heightmap]
[4.575s] -- Looking for gz-physics6-heightmap -- found version 6.7.0
[4.576s] -- Searching for dependencies of gz-physics6-heightmap
[4.576s] -- Looking for gz-common5 -- found version 5.7.1
[4.576s] -- Searching for <gz-physics6> component [mesh]
[4.577s] -- Looking for gz-physics6-mesh -- found version 6.7.0
[4.577s] -- Searching for dependencies of gz-physics6-mesh
[4.578s] -- Looking for gz-common5 -- found version 5.7.1
[4.578s] -- Searching for <gz-physics6> component [sdf]
[4.579s] -- Looking for gz-physics6-sdf -- found version 6.7.0
[4.579s] -- Searching for dependencies of gz-physics6-sdf
[4.579s] -- Looking for sdformat13 -- found version 13.9.0
[4.581s] -- Looking for gz-sensors7 -- found version 7.3.1
[4.581s] -- Searching for dependencies of gz-sensors7
[4.594s] -- Looking for gz-math7 -- found version 7.5.1
[4.594s] -- Looking for gz-common5 -- found version 5.7.1
[4.595s] -- Looking for gz-transport12 -- found version 12.2.2
[4.595s] -- Looking for gz-rendering7 -- found version 7.5.0
[4.595s] -- Looking for gz-msgs9 -- found version 9.5.1
[4.595s] -- Looking for sdformat13 -- found version 13.9.0
[4.596s] -- Searching for <gz-sensors7> component [air_pressure]
[4.597s] -- Looking for gz-sensors7-air_pressure -- found version 7.3.1
[4.597s] -- Searching for dependencies of gz-sensors7-air_pressure
[4.597s] -- Searching for <gz-sensors7> component [air_speed]
[4.598s] -- Looking for gz-sensors7-air_speed -- found version 7.3.1
[4.599s] -- Searching for dependencies of gz-sensors7-air_speed
[4.599s] -- Searching for <gz-sensors7> component [altimeter]
[4.600s] -- Looking for gz-sensors7-altimeter -- found version 7.3.1
[4.600s] -- Searching for dependencies of gz-sensors7-altimeter
[4.600s] -- Searching for <gz-sensors7> component [imu]
[4.601s] -- Looking for gz-sensors7-imu -- found version 7.3.1
[4.602s] -- Searching for dependencies of gz-sensors7-imu
[4.602s] -- Searching for <gz-sensors7> component [force_torque]
[4.603s] -- Looking for gz-sensors7-force_torque -- found version 7.3.1
[4.603s] -- Searching for dependencies of gz-sensors7-force_torque
[4.604s] -- Searching for <gz-sensors7> component [logical_camera]
[4.604s] -- Looking for gz-sensors7-logical_camera -- found version 7.3.1
[4.605s] -- Searching for dependencies of gz-sensors7-logical_camera
[4.605s] -- Searching for <gz-sensors7> component [magnetometer]
[4.606s] -- Looking for gz-sensors7-magnetometer -- found version 7.3.1
[4.606s] -- Searching for dependencies of gz-sensors7-magnetometer
[4.607s] -- Searching for <gz-sensors7> component [navsat]
[4.608s] -- Looking for gz-sensors7-navsat -- found version 7.3.1
[4.608s] -- Searching for dependencies of gz-sensors7-navsat
[4.608s] -- Searching for <gz-sensors7> component [rendering]
[4.609s] -- Looking for gz-sensors7-rendering -- found version 7.3.1
[4.609s] -- Searching for dependencies of gz-sensors7-rendering
[4.610s] -- Searching for <gz-sensors7> component [lidar]
[4.611s] -- Looking for gz-sensors7-lidar -- found version 7.3.1
[4.611s] -- Searching for dependencies of gz-sensors7-lidar
[4.611s] -- Looking for gz-sensors7 -- found version 7.3.1
[4.612s] -- Searching for <gz-sensors7> component [gpu_lidar]
[4.612s] -- Looking for gz-sensors7-gpu_lidar -- found version 7.3.1
[4.613s] -- Searching for dependencies of gz-sensors7-gpu_lidar
[4.613s] -- Looking for gz-sensors7 -- found version 7.3.1
[4.613s] -- Searching for <gz-sensors7> component [camera]
[4.614s] -- Looking for gz-sensors7-camera -- found version 7.3.1
[4.615s] -- Searching for dependencies of gz-sensors7-camera
[4.615s] -- Looking for gz-sensors7 -- found version 7.3.1
[4.615s] -- Searching for <gz-sensors7> component [boundingbox_camera]
[4.616s] -- Looking for gz-sensors7-boundingbox_camera -- found version 7.3.1
[4.616s] -- Searching for dependencies of gz-sensors7-boundingbox_camera
[4.617s] -- Searching for <gz-sensors7> component [segmentation_camera]
[4.618s] -- Looking for gz-sensors7-segmentation_camera -- found version 7.3.1
[4.618s] -- Searching for dependencies of gz-sensors7-segmentation_camera
[4.618s] -- Searching for <gz-sensors7> component [depth_camera]
[4.619s] -- Looking for gz-sensors7-depth_camera -- found version 7.3.1
[4.620s] -- Searching for dependencies of gz-sensors7-depth_camera
[4.620s] -- Looking for gz-sensors7 -- found version 7.3.1
[4.620s] -- Searching for <gz-sensors7> component [rgbd_camera]
[4.621s] -- Looking for gz-sensors7-rgbd_camera -- found version 7.3.1
[4.621s] -- Searching for dependencies of gz-sensors7-rgbd_camera
[4.622s] -- Looking for gz-sensors7 -- found version 7.3.1
[4.622s] -- Searching for <gz-sensors7> component [thermal_camera]
[4.623s] -- Looking for gz-sensors7-thermal_camera -- found version 7.3.1
[4.623s] -- Searching for dependencies of gz-sensors7-thermal_camera
[4.623s] -- Looking for gz-sensors7 -- found version 7.3.1
[4.624s] -- Searching for <gz-sensors7> component [wide_angle_camera]
[4.625s] -- Looking for gz-sensors7-wide_angle_camera -- found version 7.3.1
[4.625s] -- Searching for dependencies of gz-sensors7-wide_angle_camera
[4.626s] -- Looking for gz-rendering7 -- found version 7.5.0
[4.626s] -- Looking for gz-math7 -- found version 7.5.1
[4.626s] -- Looking for gz-utils2 -- found version 2.2.1
[4.639s] -- Looking for gz-sim7 - found
[4.639s] 
[4.639s] -- Looking for sdformat13 -- found version 13.9.0
[4.639s] -- Looking for sdformat13 - found
[4.639s] 
[4.639s] -- Compiling against Gazebo Garden
[4.685s] -- Checking for module 'OGRE-RTShaderSystem >= 1.9'
[4.695s] --   Found OGRE-RTShaderSystem , version 1.9.0
[4.740s] -- Checking for module 'OGRE-Terrain >= 1.9'
[4.758s] --   Found OGRE-Terrain , version 1.9.0
[4.805s] -- Checking for module 'OGRE-Overlay >= 1.9'
[4.823s] --   Found OGRE-Overlay , version 1.9.0
[4.877s] -- Checking for module 'OGRE-Paging >= 1.9'
[4.888s] --   Found OGRE-Paging , version 1.9.0
[4.936s] -- Looking for GzOGRE - found
[4.936s] 
[4.944s] -- Looking for OGRE using the name: OGRE2
[5.019s] --   + component HlmsPbs: found
[5.022s] --   + component HlmsUnlit: found
[5.025s] --   + component Overlay: found
[5.026s] --   + component PlanarReflections: found
[5.027s] -- Looking for GzOGRE2 - found
[5.027s] 
[5.030s] [33mCMake Warning at /usr/lib/x86_64-linux-gnu/cmake/CGAL/CGALConfig.cmake:92 (message):
[5.030s]   CGAL_DATA_DIR cannot be deduced, set the variable CGAL_DATA_DIR to set the
[5.030s]   default value of CGAL::data_file_path()
[5.030s] Call Stack (most recent call first):
[5.030s]   CMakeLists.txt:240 (find_package)
[5.030s] 
[5.030s] [0m
[5.032s] -- Using header-only CGAL
[5.033s] -- Targetting Unix Makefiles
[5.033s] -- Using /usr/bin/c++ compiler.
[5.035s] -- Found GMP: /usr/lib/x86_64-linux-gnu/libgmp.so  
[5.036s] -- Found MPFR: /usr/lib/x86_64-linux-gnu/libmpfr.so  
[5.041s] -- Found Boost: /usr/lib/x86_64-linux-gnu/cmake/Boost-1.74.0/BoostConfig.cmake (found suitable version "1.74.0", minimum required is "1.48")  
[5.041s] -- Boost include dirs: /usr/include
[5.041s] -- Boost libraries:    
[5.041s] -- Using gcc version 4 or later. Adding -frounding-math
[5.042s] [0mCGAL_VERSION_MAJOR: 5[0m
[5.044s] -- Build type: RelWithDebInfo
[5.044s] -- USING CXXFLAGS = ' -O2 -g -DNDEBUG'
[5.044s] -- USING EXEFLAGS = ' '
[5.044s] -- Requested component: Core
[5.838s] -- 
[5.838s] -- Searching for host SSE information
[5.860s] -- SSE2 found
[5.860s] -- SSE3 found
[5.860s] -- SSE4.1 found
[5.860s] -- SSE4.2 found
[5.877s] -- Configuring library: gz-waves1-dynamic-geometry-system
[5.879s] -- Performing Test COMPILER_HAS_HIDDEN_VISIBILITY
[5.939s] -- Performing Test COMPILER_HAS_HIDDEN_VISIBILITY - Success
[5.940s] -- Performing Test COMPILER_HAS_HIDDEN_INLINE_VISIBILITY
[6.000s] -- Performing Test COMPILER_HAS_HIDDEN_INLINE_VISIBILITY - Success
[6.000s] -- Performing Test COMPILER_HAS_DEPRECATED_ATTR
[6.083s] -- Performing Test COMPILER_HAS_DEPRECATED_ATTR - Success
[6.087s] -- Configuring library: gz-waves1-hydrodynamics-system
[6.090s] -- Configuring library: gz-waves1-rendering
[6.093s] -- Configuring library: gz-waves1-rendering-ogre2
[6.095s] -- Configuring library: gz-waves1-waves-visual-system
[6.097s] -- Configuring library: gz-waves1-waves-model-system
[6.099s] -- Configuring library: gz-waves1
[6.102s] -- Adding 13 UNIT tests
[6.358s] -- Adding 7 PERFORMANCE tests
[6.412s] -- Found Boost: /usr/lib/x86_64-linux-gnu/cmake/Boost-1.74.0/BoostConfig.cmake (found version "1.74.0") found components: iostreams 
[6.468s] -- Adding codecheck target
[6.468s] -- Build configuration successful
[6.468s] -- Build type: RelWithDebInfo
[6.468s] -- Install prefix: /home/zenith/gz_ws/src/asv_wave_sim/gz-waves/install
[6.469s] -- Configuring done
[6.541s] -- Generating done
[6.562s] -- Build files have been written to: /home/zenith/gz_ws/src/asv_wave_sim/gz-waves/build/gz-waves1
[6.575s] Invoked command in '/home/zenith/gz_ws/src/asv_wave_sim/gz-waves/build/gz-waves1' returned '0': /usr/bin/cmake /home/zenith/gz_ws/src/asv_wave_sim/gz-waves -DCMAKE_BUILD_TYPE=RelWithDebInfo -DCMAKE_MACOSX_RPATH=FALSE -DCMAKE_INSTALL_NAME_DIR=/home/zenith/gz_ws/src/asv_wave_sim/gz-waves/install/lib -DBUILD_TESTING=ON -DCMAKE_INSTALL_PREFIX=/home/zenith/gz_ws/src/asv_wave_sim/gz-waves/install
[6.576s] Invoking command in '/home/zenith/gz_ws/src/asv_wave_sim/gz-waves/build/gz-waves1': /usr/bin/cmake --build /home/zenith/gz_ws/src/asv_wave_sim/gz-waves/build/gz-waves1 -- -j16 -l16
[6.618s] [  1%] [32mBuilding CXX object src/CMakeFiles/gz-waves1.dir/Convert.cc.o[0m
[6.618s] [  3%] [32mBuilding CXX object src/CMakeFiles/gz-waves1.dir/Geometry.cc.o[0m
[6.618s] [  3%] [32mBuilding CXX object test/gtest_vendor/CMakeFiles/gtest.dir/src/gtest-all.cc.o[0m
[6.618s] [  4%] [32mBuilding CXX object src/CMakeFiles/gz-waves1.dir/Grid.cc.o[0m
[6.618s] [  5%] [32mBuilding CXX object src/CMakeFiles/gz-waves1.dir/Algorithm.cc.o[0m
[6.618s] [  5%] [32mBuilding CXX object src/CMakeFiles/gz-waves1.dir/MeshTools.cc.o[0m
[6.618s] [  6%] [32mBuilding CXX object src/CMakeFiles/gz-waves1.dir/PhysicalConstants.cc.o[0m
[6.618s] [  7%] [32mBuilding CXX object src/CMakeFiles/gz-waves1.dir/OceanTile.cc.o[0m
[6.619s] [  8%] [32mBuilding CXX object src/CMakeFiles/gz-waves1.dir/SubMeshWithTangents.cc.o[0m
[6.619s] [  9%] [32mBuilding CXX object src/CMakeFiles/gz-waves1.dir/TriangulatedGrid.cc.o[0m
[6.619s] [ 10%] [32mBuilding CXX object src/CMakeFiles/gz-waves1.dir/Physics.cc.o[0m
[6.619s] [ 11%] [32mBuilding CXX object src/CMakeFiles/gz-waves1.dir/WaveParameters.cc.o[0m
[6.620s] [ 12%] [32mBuilding CXX object src/CMakeFiles/gz-waves1.dir/Wavefield.cc.o[0m
[6.620s] [ 13%] [32mBuilding CXX object src/CMakeFiles/gz-waves1.dir/WaveSimulation.cc.o[0m
[6.621s] [ 15%] [32mBuilding CXX object src/CMakeFiles/gz-waves1.dir/WavefieldSampler.cc.o[0m
[6.621s] [ 16%] [32mBuilding CXX object src/CMakeFiles/gz-waves1.dir/Utilities.cc.o[0m
[6.647s] [ 16%] [32mBuilding CXX object src/CMakeFiles/gz-waves1.dir/LinearRandomFFTWaveSimulation.cc.o[0m
[6.836s] [ 17%] [32mBuilding CXX object src/CMakeFiles/gz-waves1.dir/LinearRandomFFTWaveSimulationRef.cc.o[0m
[7.774s] [ 18%] [32mBuilding CXX object src/CMakeFiles/gz-waves1.dir/LinearRandomWaveSimulation.cc.o[0m
[7.953s] [ 19%] [32mBuilding CXX object src/CMakeFiles/gz-waves1.dir/LinearRegularWaveSimulation.cc.o[0m
[10.171s] [ 20%] [32mBuilding CXX object src/CMakeFiles/gz-waves1.dir/TrochoidIrregularWaveSimulation.cc.o[0m
[10.208s] [ 21%] [32mBuilding CXX object src/CMakeFiles/gz-waves1.dir/WaveSpectrum.cc.o[0m
[11.361s] [ 22%] [32mBuilding CXX object src/CMakeFiles/gz-waves1.dir/WaveSpreadingFunction.cc.o[0m
[17.805s] [ 23%] [32m[1mLinking CXX static library ../../lib/libgtest.a[0m
[17.949s] [ 23%] Built target gtest
[17.966s] [ 24%] [32mBuilding CXX object test/gtest_vendor/CMakeFiles/gtest_main.dir/src/gtest_main.cc.o[0m
[18.578s] [ 25%] [32m[1mLinking CXX static library ../../lib/libgtest_main.a[0m
[18.619s] [ 25%] Built target gtest_main
[19.908s] [ 26%] [32m[1mLinking CXX shared library ../lib/libgz-waves1.so[0m
[20.243s] [ 26%] Built target gz-waves1
[20.262s] [ 33%] [32mBuilding CXX object src/CMakeFiles/UNIT_LinearRandomFFTWaveSimulation_TEST.dir/LinearRandomFFTWaveSimulation_TEST.cc.o[0m
[20.262s] [ 33%] [32mBuilding CXX object src/CMakeFiles/UNIT_CGAL_TEST.dir/CGAL_TEST.cc.o[0m
[20.262s] [ 33%] [32mBuilding CXX object src/CMakeFiles/UNIT_Algorithm_TEST.dir/Algorithm_TEST.cc.o[0m
[20.262s] [ 33%] [32mBuilding CXX object src/CMakeFiles/UNIT_Grid_TEST.dir/Grid_TEST.cc.o[0m
[20.262s] [ 33%] [32mBuilding CXX object src/CMakeFiles/UNIT_EigenFFTW_TEST.dir/EigenFFTW_TEST.cc.o[0m
[20.262s] [ 33%] [32mBuilding CXX object src/CMakeFiles/UNIT_TriangulatedGrid_TEST.dir/TriangulatedGrid_TEST.cc.o[0m
[20.262s] [ 33%] [32mBuilding CXX object src/CMakeFiles/UNIT_LinearRegularWaveSimulation_TEST.dir/LinearRegularWaveSimulation_TEST.cc.o[0m
[20.263s] [ 34%] [32mBuilding CXX object src/CMakeFiles/UNIT_Wavefield_TEST.dir/Wavefield_TEST.cc.o[0m
[20.263s] [ 35%] [32mBuilding CXX object src/CMakeFiles/UNIT_Physics_TEST.dir/Physics_TEST.cc.o[0m
[20.263s] [ 36%] [32mBuilding CXX object src/CMakeFiles/UNIT_MeshTools_TEST.dir/MeshTools_TEST.cc.o[0m
[20.263s] [ 37%] [32mBuilding CXX object src/systems/hydrodynamics/CMakeFiles/gz-waves1-hydrodynamics-system.dir/Collision.cc.o[0m
[20.263s] [ 38%] [32mBuilding CXX object src/systems/waves/CMakeFiles/gz-waves1-rendering.dir/BaseRenderEngineExtension.cc.o[0m
[20.263s] [ 39%] [32mBuilding CXX object src/CMakeFiles/UNIT_WaveSpectrum_TEST.dir/WaveSpectrum_TEST.cc.o[0m
[20.264s] [ 40%] [32mBuilding CXX object src/CMakeFiles/UNIT_WaveSpreadingFunction_TEST.dir/WaveSpreadingFunction_TEST.cc.o[0m
[20.264s] [ 41%] [32mBuilding CXX object src/CMakeFiles/UNIT_Geometry_TEST.dir/Geometry_TEST.cc.o[0m
[20.264s] [ 43%] [32mBuilding CXX object src/systems/dynamic/CMakeFiles/gz-waves1-dynamic-geometry-system.dir/DynamicGeometry.cc.o[0m
[22.284s] [ 43%] [32m[1mLinking CXX executable ../bin/UNIT_Algorithm_TEST[0m
[22.497s] [ 43%] Built target UNIT_Algorithm_TEST
[22.521s] [ 44%] [32mBuilding CXX object src/systems/waves/CMakeFiles/gz-waves1-waves-model-system.dir/WavesModel.cc.o[0m
[22.684s] [ 45%] [32m[1mLinking CXX executable ../bin/UNIT_EigenFFTW_TEST[0m
[22.889s] [ 45%] Built target UNIT_EigenFFTW_TEST
[22.899s] [ 46%] [32mBuilding CXX object src/systems/waves/CMakeFiles/gz-waves1-rendering.dir/DisplacementMap.cc.o[0m
[24.243s] [ 46%] [32mBuilding CXX object src/systems/hydrodynamics/CMakeFiles/gz-waves1-hydrodynamics-system.dir/Hydrodynamics.cc.o[0m
[24.297s] [ 47%] [32m[1mLinking CXX executable ../bin/UNIT_WaveSpectrum_TEST[0m
[24.693s] [ 47%] Built target UNIT_WaveSpectrum_TEST
[24.705s] [ 48%] [32mBuilding CXX object src/systems/waves/CMakeFiles/gz-waves1-rendering.dir/OceanGeometry.cc.o[0m
[25.151s] [ 49%] [32mBuilding CXX object test/performance/CMakeFiles/PERFORMANCE_EigenReturnByValue.dir/EigenReturnByValue.cc.o[0m
[25.780s] [ 49%] [32m[1mLinking CXX executable ../bin/UNIT_WaveSpreadingFunction_TEST[0m
[25.797s] [ 50%] [32m[1mLinking CXX executable ../bin/UNIT_LinearRandomFFTWaveSimulation_TEST[0m
[26.116s] [ 50%] Built target UNIT_WaveSpreadingFunction_TEST
[26.126s] [ 51%] [32mBuilding CXX object src/systems/waves/CMakeFiles/gz-waves1-rendering.dir/OceanVisual.cc.o[0m
[26.138s] [ 51%] Built target UNIT_LinearRandomFFTWaveSimulation_TEST
[26.146s] [ 52%] [32mBuilding CXX object src/systems/waves/CMakeFiles/gz-waves1-rendering.dir/RenderEngineExtension.cc.o[0m
[26.468s] [ 53%] [32m[1mLinking CXX executable ../../bin/PERFORMANCE_EigenReturnByValue[0m
[26.694s] [ 53%] Built target PERFORMANCE_EigenReturnByValue
[26.703s] [ 54%] [32mBuilding CXX object src/systems/waves/CMakeFiles/gz-waves1-rendering.dir/RenderEngineExtensionManager.cc.o[0m
[27.567s] [ 55%] [32mBuilding CXX object src/systems/waves/CMakeFiles/gz-waves1-rendering.dir/RenderEngineExtensionPlugin.cc.o[0m
[28.010s] [ 56%] [32mBuilding CXX object test/performance/CMakeFiles/PERFORMANCE_LinearRandomFFTWaveSimBaseAmplitudes.dir/LinearRandomFFTWaveSimBaseAmplitudes.cc.o[0m
